************* Module p5_fko_segmentez_les_comportements_de_clients_modelisation
p5_fko_segmentez_les_comportements_de_clients_modelisation.py:315:0: C0301: Line too long (107/100) (line-too-long)
p5_fko_segmentez_les_comportements_de_clients_modelisation.py:423:0: C0301: Line too long (107/100) (line-too-long)
p5_fko_segmentez_les_comportements_de_clients_modelisation.py:542:0: C0304: Final newline missing (missing-final-newline)
p5_fko_segmentez_les_comportements_de_clients_modelisation.py:227:0: W0622: Redefining built-in 'map' (redefined-builtin)
p5_fko_segmentez_les_comportements_de_clients_modelisation.py:31:0: E0401: Unable to import 'google.colab' (import-error)
p5_fko_segmentez_les_comportements_de_clients_modelisation.py:35:0: W0105: String statement has no effect (pointless-string-statement)
p5_fko_segmentez_les_comportements_de_clients_modelisation.py:41:0: C0103: Argument name "df" doesn't conform to snake_case naming style (invalid-name)
p5_fko_segmentez_les_comportements_de_clients_modelisation.py:45:4: W0621: Redefining name 'temp' from outer scope (line 323) (redefined-outer-name)
p5_fko_segmentez_les_comportements_de_clients_modelisation.py:47:8: W0621: Redefining name 'i' from outer scope (line 234) (redefined-outer-name)
p5_fko_segmentez_les_comportements_de_clients_modelisation.py:54:0: C0103: Argument name "df" doesn't conform to snake_case naming style (invalid-name)
p5_fko_segmentez_les_comportements_de_clients_modelisation.py:59:4: W0621: Redefining name 'temp' from outer scope (line 323) (redefined-outer-name)
p5_fko_segmentez_les_comportements_de_clients_modelisation.py:71:49: E0602: Undefined variable 'd_study' (undefined-variable)
p5_fko_segmentez_les_comportements_de_clients_modelisation.py:98:0: C0103: Argument name "x" doesn't conform to snake_case naming style (invalid-name)
p5_fko_segmentez_les_comportements_de_clients_modelisation.py:98:12: W0621: Redefining name 'x' from outer scope (line 234) (redefined-outer-name)
p5_fko_segmentez_les_comportements_de_clients_modelisation.py:105:0: C0103: Function name "scoring_RFM" doesn't conform to snake_case naming style (invalid-name)
p5_fko_segmentez_les_comportements_de_clients_modelisation.py:105:0: C0103: Argument name "df" doesn't conform to snake_case naming style (invalid-name)
p5_fko_segmentez_les_comportements_de_clients_modelisation.py:105:0: C0103: Argument name "n" doesn't conform to snake_case naming style (invalid-name)
p5_fko_segmentez_les_comportements_de_clients_modelisation.py:105:20: W0621: Redefining name 'n' from outer scope (line 258) (redefined-outer-name)
p5_fko_segmentez_les_comportements_de_clients_modelisation.py:117:4: W0621: Redefining name 'temp' from outer scope (line 323) (redefined-outer-name)
p5_fko_segmentez_les_comportements_de_clients_modelisation.py:123:0: C0103: Argument name "df" doesn't conform to snake_case naming style (invalid-name)
p5_fko_segmentez_les_comportements_de_clients_modelisation.py:140:0: C0103: Function name "preprocess_RFM" doesn't conform to snake_case naming style (invalid-name)
p5_fko_segmentez_les_comportements_de_clients_modelisation.py:140:0: C0103: Argument name "df" doesn't conform to snake_case naming style (invalid-name)
p5_fko_segmentez_les_comportements_de_clients_modelisation.py:146:4: W0621: Redefining name 'temp' from outer scope (line 323) (redefined-outer-name)
p5_fko_segmentez_les_comportements_de_clients_modelisation.py:162:0: C0103: Argument name "df" doesn't conform to snake_case naming style (invalid-name)
p5_fko_segmentez_les_comportements_de_clients_modelisation.py:167:39: W0621: Redefining name 'file' from outer scope (line 178) (redefined-outer-name)
p5_fko_segmentez_les_comportements_de_clients_modelisation.py:168:8: W0621: Redefining name 'unpickler' from outer scope (line 179) (redefined-outer-name)
p5_fko_segmentez_les_comportements_de_clients_modelisation.py:169:8: W0621: Redefining name 'clf' from outer scope (line 392) (redefined-outer-name)
p5_fko_segmentez_les_comportements_de_clients_modelisation.py:171:4: W0621: Redefining name 'temp' from outer scope (line 323) (redefined-outer-name)
p5_fko_segmentez_les_comportements_de_clients_modelisation.py:172:4: C0103: Variable name "X" doesn't conform to snake_case naming style (invalid-name)
p5_fko_segmentez_les_comportements_de_clients_modelisation.py:173:4: C0103: Variable name "X_scaled" doesn't conform to snake_case naming style (invalid-name)
p5_fko_segmentez_les_comportements_de_clients_modelisation.py:184:0: W0105: String statement has no effect (pointless-string-statement)
p5_fko_segmentez_les_comportements_de_clients_modelisation.py:201:0: W0104: Statement seems to have no effect (pointless-statement)
p5_fko_segmentez_les_comportements_de_clients_modelisation.py:252:0: W0105: String statement has no effect (pointless-string-statement)
p5_fko_segmentez_les_comportements_de_clients_modelisation.py:268:0: C0103: Constant name "segment_col" doesn't conform to UPPER_CASE naming style (invalid-name)
p5_fko_segmentez_les_comportements_de_clients_modelisation.py:271:0: W0104: Statement seems to have no effect (pointless-statement)
p5_fko_segmentez_les_comportements_de_clients_modelisation.py:313:0: W0105: String statement has no effect (pointless-string-statement)
p5_fko_segmentez_les_comportements_de_clients_modelisation.py:328:0: W0104: Statement seems to have no effect (pointless-statement)
p5_fko_segmentez_les_comportements_de_clients_modelisation.py:330:0: W0105: String statement has no effect (pointless-string-statement)
p5_fko_segmentez_les_comportements_de_clients_modelisation.py:337:0: C0200: Consider using enumerate instead of iterating with range and len (consider-using-enumerate)
p5_fko_segmentez_les_comportements_de_clients_modelisation.py:340:0: C0200: Consider using enumerate instead of iterating with range and len (consider-using-enumerate)
p5_fko_segmentez_les_comportements_de_clients_modelisation.py:362:0: W0105: String statement has no effect (pointless-string-statement)
p5_fko_segmentez_les_comportements_de_clients_modelisation.py:411:50: E1101: Module 'matplotlib.cm' has no 'Blues' member (no-member)
p5_fko_segmentez_les_comportements_de_clients_modelisation.py:420:0: W0104: Statement seems to have no effect (pointless-statement)
p5_fko_segmentez_les_comportements_de_clients_modelisation.py:422:0: W0105: String statement has no effect (pointless-string-statement)
p5_fko_segmentez_les_comportements_de_clients_modelisation.py:430:0: W0104: Statement seems to have no effect (pointless-statement)
p5_fko_segmentez_les_comportements_de_clients_modelisation.py:480:0: W0104: Statement seems to have no effect (pointless-statement)
p5_fko_segmentez_les_comportements_de_clients_modelisation.py:482:0: W0105: String statement has no effect (pointless-string-statement)
p5_fko_segmentez_les_comportements_de_clients_modelisation.py:490:0: C0200: Consider using enumerate instead of iterating with range and len (consider-using-enumerate)
p5_fko_segmentez_les_comportements_de_clients_modelisation.py:493:0: C0200: Consider using enumerate instead of iterating with range and len (consider-using-enumerate)
p5_fko_segmentez_les_comportements_de_clients_modelisation.py:524:50: E1101: Module 'matplotlib.cm' has no 'Blues' member (no-member)
p5_fko_segmentez_les_comportements_de_clients_modelisation.py:540:0: W0105: String statement has no effect (pointless-string-statement)
p5_fko_segmentez_les_comportements_de_clients_modelisation.py:15:0: C0411: standard import "import pickle" should be placed before "import numpy as np" (wrong-import-order)
p5_fko_segmentez_les_comportements_de_clients_modelisation.py:16:0: C0411: standard import "import random" should be placed before "import numpy as np" (wrong-import-order)
p5_fko_segmentez_les_comportements_de_clients_modelisation.py:17:0: C0411: standard import "from datetime import timedelta" should be placed before "import numpy as np" (wrong-import-order)

------------------------------------------------------------------
Your code has been rated at 7.44/10 (previous run: 7.36/10, +0.07)

