************* Module p5_fko_segmentez_les_comportements_de_clients_exploration
p5_fko_segmentez_les_comportements_de_clients_exploration.py:196:0: C0301: Line too long (152/100) (line-too-long)
p5_fko_segmentez_les_comportements_de_clients_exploration.py:215:0: C0301: Line too long (124/100) (line-too-long)
p5_fko_segmentez_les_comportements_de_clients_exploration.py:221:0: C0301: Line too long (101/100) (line-too-long)
p5_fko_segmentez_les_comportements_de_clients_exploration.py:227:0: C0301: Line too long (120/100) (line-too-long)
p5_fko_segmentez_les_comportements_de_clients_exploration.py:267:0: C0301: Line too long (162/100) (line-too-long)
p5_fko_segmentez_les_comportements_de_clients_exploration.py:302:0: C0301: Line too long (142/100) (line-too-long)
p5_fko_segmentez_les_comportements_de_clients_exploration.py:374:0: C0301: Line too long (157/100) (line-too-long)
p5_fko_segmentez_les_comportements_de_clients_exploration.py:419:0: C0301: Line too long (117/100) (line-too-long)
p5_fko_segmentez_les_comportements_de_clients_exploration.py:431:0: C0301: Line too long (270/100) (line-too-long)
p5_fko_segmentez_les_comportements_de_clients_exploration.py:546:0: C0304: Final newline missing (missing-final-newline)
p5_fko_segmentez_les_comportements_de_clients_exploration.py:24:0: E0401: Unable to import 'google.colab' (import-error)
p5_fko_segmentez_les_comportements_de_clients_exploration.py:28:0: W0105: String statement has no effect (pointless-string-statement)
p5_fko_segmentez_les_comportements_de_clients_exploration.py:34:0: C0103: Argument name "df" doesn't conform to snake_case naming style (invalid-name)
p5_fko_segmentez_les_comportements_de_clients_exploration.py:38:4: W0621: Redefining name 'temp' from outer scope (line 516) (redefined-outer-name)
p5_fko_segmentez_les_comportements_de_clients_exploration.py:40:8: W0621: Redefining name 'i' from outer scope (line 329) (redefined-outer-name)
p5_fko_segmentez_les_comportements_de_clients_exploration.py:40:11: W0621: Redefining name 'j' from outer scope (line 329) (redefined-outer-name)
p5_fko_segmentez_les_comportements_de_clients_exploration.py:47:0: C0103: Argument name "df" doesn't conform to snake_case naming style (invalid-name)
p5_fko_segmentez_les_comportements_de_clients_exploration.py:52:4: W0621: Redefining name 'temp' from outer scope (line 516) (redefined-outer-name)
p5_fko_segmentez_les_comportements_de_clients_exploration.py:91:0: C0103: Argument name "x" doesn't conform to snake_case naming style (invalid-name)
p5_fko_segmentez_les_comportements_de_clients_exploration.py:98:0: C0103: Function name "scoring_RFM" doesn't conform to snake_case naming style (invalid-name)
p5_fko_segmentez_les_comportements_de_clients_exploration.py:98:0: C0103: Argument name "df" doesn't conform to snake_case naming style (invalid-name)
p5_fko_segmentez_les_comportements_de_clients_exploration.py:98:0: C0103: Argument name "n" doesn't conform to snake_case naming style (invalid-name)
p5_fko_segmentez_les_comportements_de_clients_exploration.py:110:4: W0621: Redefining name 'temp' from outer scope (line 516) (redefined-outer-name)
p5_fko_segmentez_les_comportements_de_clients_exploration.py:116:0: C0103: Argument name "df" doesn't conform to snake_case naming style (invalid-name)
p5_fko_segmentez_les_comportements_de_clients_exploration.py:133:0: C0103: Function name "preprocess_RFM" doesn't conform to snake_case naming style (invalid-name)
p5_fko_segmentez_les_comportements_de_clients_exploration.py:133:0: C0103: Argument name "df" doesn't conform to snake_case naming style (invalid-name)
p5_fko_segmentez_les_comportements_de_clients_exploration.py:139:4: W0621: Redefining name 'temp' from outer scope (line 516) (redefined-outer-name)
p5_fko_segmentez_les_comportements_de_clients_exploration.py:141:4: W0621: Redefining name 'd_study' from outer scope (line 447) (redefined-outer-name)
p5_fko_segmentez_les_comportements_de_clients_exploration.py:155:0: W0105: String statement has no effect (pointless-string-statement)
p5_fko_segmentez_les_comportements_de_clients_exploration.py:177:0: W0104: Statement seems to have no effect (pointless-statement)
p5_fko_segmentez_les_comportements_de_clients_exploration.py:181:0: W0105: String statement has no effect (pointless-string-statement)
p5_fko_segmentez_les_comportements_de_clients_exploration.py:189:0: W0105: String statement has no effect (pointless-string-statement)
p5_fko_segmentez_les_comportements_de_clients_exploration.py:194:0: W0106: Expression "source.Country.value_counts()[:5]" is assigned to nothing (expression-not-assigned)
p5_fko_segmentez_les_comportements_de_clients_exploration.py:196:0: W0105: String statement has no effect (pointless-string-statement)
p5_fko_segmentez_les_comportements_de_clients_exploration.py:199:0: W0104: Statement seems to have no effect (pointless-statement)
p5_fko_segmentez_les_comportements_de_clients_exploration.py:201:0: W0105: String statement has no effect (pointless-string-statement)
p5_fko_segmentez_les_comportements_de_clients_exploration.py:215:0: W0105: String statement has no effect (pointless-string-statement)
p5_fko_segmentez_les_comportements_de_clients_exploration.py:220:0: W0105: String statement has no effect (pointless-string-statement)
p5_fko_segmentez_les_comportements_de_clients_exploration.py:227:0: W0105: String statement has no effect (pointless-string-statement)
p5_fko_segmentez_les_comportements_de_clients_exploration.py:232:0: W0105: String statement has no effect (pointless-string-statement)
p5_fko_segmentez_les_comportements_de_clients_exploration.py:238:0: C0116: Missing function or method docstring (missing-function-docstring)
p5_fko_segmentez_les_comportements_de_clients_exploration.py:240:8: W0621: Redefining name 'i' from outer scope (line 329) (redefined-outer-name)
p5_fko_segmentez_les_comportements_de_clients_exploration.py:240:8: W0612: Unused variable 'i' (unused-variable)
p5_fko_segmentez_les_comportements_de_clients_exploration.py:254:0: W0105: String statement has no effect (pointless-string-statement)
p5_fko_segmentez_les_comportements_de_clients_exploration.py:267:0: W0105: String statement has no effect (pointless-string-statement)
p5_fko_segmentez_les_comportements_de_clients_exploration.py:271:0: W0105: String statement has no effect (pointless-string-statement)
p5_fko_segmentez_les_comportements_de_clients_exploration.py:286:0: W0105: String statement has no effect (pointless-string-statement)
p5_fko_segmentez_les_comportements_de_clients_exploration.py:301:0: W0105: String statement has no effect (pointless-string-statement)
p5_fko_segmentez_les_comportements_de_clients_exploration.py:324:4: C0103: Constant name "Can" doesn't conform to UPPER_CASE naming style (invalid-name)
p5_fko_segmentez_les_comportements_de_clients_exploration.py:325:4: C0103: Constant name "c" doesn't conform to UPPER_CASE naming style (invalid-name)
p5_fko_segmentez_les_comportements_de_clients_exploration.py:326:4: C0103: Constant name "o" doesn't conform to UPPER_CASE naming style (invalid-name)
p5_fko_segmentez_les_comportements_de_clients_exploration.py:358:4: C0103: Constant name "end" doesn't conform to UPPER_CASE naming style (invalid-name)
p5_fko_segmentez_les_comportements_de_clients_exploration.py:367:0: W0105: String statement has no effect (pointless-string-statement)
p5_fko_segmentez_les_comportements_de_clients_exploration.py:371:0: W0106: Expression "source[(source.Quantity <= 0) & ~source.InvoiceNo.str.contains('^C', regex=True)]" is assigned to nothing (expression-not-assigned)
p5_fko_segmentez_les_comportements_de_clients_exploration.py:374:0: W0105: String statement has no effect (pointless-string-statement)
p5_fko_segmentez_les_comportements_de_clients_exploration.py:378:0: W0106: Expression "source[source.InvoiceNo.str.contains('^C', regex=True)]" is assigned to nothing (expression-not-assigned)
p5_fko_segmentez_les_comportements_de_clients_exploration.py:380:0: W0105: String statement has no effect (pointless-string-statement)
p5_fko_segmentez_les_comportements_de_clients_exploration.py:385:0: W0104: Statement seems to have no effect (pointless-statement)
p5_fko_segmentez_les_comportements_de_clients_exploration.py:387:0: W0105: String statement has no effect (pointless-string-statement)
p5_fko_segmentez_les_comportements_de_clients_exploration.py:394:0: W0105: String statement has no effect (pointless-string-statement)
p5_fko_segmentez_les_comportements_de_clients_exploration.py:402:0: W0105: String statement has no effect (pointless-string-statement)
p5_fko_segmentez_les_comportements_de_clients_exploration.py:448:0: W0104: Statement seems to have no effect (pointless-statement)
p5_fko_segmentez_les_comportements_de_clients_exploration.py:450:0: W0105: String statement has no effect (pointless-string-statement)
p5_fko_segmentez_les_comportements_de_clients_exploration.py:455:0: W0105: String statement has no effect (pointless-string-statement)
p5_fko_segmentez_les_comportements_de_clients_exploration.py:467:0: W0105: String statement has no effect (pointless-string-statement)
p5_fko_segmentez_les_comportements_de_clients_exploration.py:473:0: W0105: String statement has no effect (pointless-string-statement)
p5_fko_segmentez_les_comportements_de_clients_exploration.py:487:0: W0104: Statement seems to have no effect (pointless-statement)
p5_fko_segmentez_les_comportements_de_clients_exploration.py:492:4: E1101: Module 'seaborn' has no 'histplot' member; maybe 'distplot'? (no-member)
p5_fko_segmentez_les_comportements_de_clients_exploration.py:496:0: W0105: String statement has no effect (pointless-string-statement)
p5_fko_segmentez_les_comportements_de_clients_exploration.py:503:0: C0103: Constant name "c" doesn't conform to UPPER_CASE naming style (invalid-name)
p5_fko_segmentez_les_comportements_de_clients_exploration.py:505:11: E1101: Instance of 'ndarray' has no 'columns' member (no-member)
p5_fko_segmentez_les_comportements_de_clients_exploration.py:506:14: E1101: Instance of 'ndarray' has no 'columns' member (no-member)
p5_fko_segmentez_les_comportements_de_clients_exploration.py:508:4: E1101: Module 'seaborn' has no 'histplot' member; maybe 'distplot'? (no-member)
p5_fko_segmentez_les_comportements_de_clients_exploration.py:511:0: W0105: String statement has no effect (pointless-string-statement)

------------------------------------------------------------------
Your code has been rated at 6.25/10 (previous run: 5.85/10, +0.40)

